Started GET "/" for 127.0.0.1 at 2018-12-27 16:04:01 -0300
  
Gem::LoadError (Specified 'sqlite3' for database adapter, but the gem is not loaded. Add `gem 'sqlite3'` to your Gemfile (and ensure its version is at the minimum required by ActiveRecord).):
  
activerecord (5.1.6) lib/active_record/connection_adapters/connection_specification.rb:188:in `rescue in spec'
activerecord (5.1.6) lib/active_record/connection_adapters/connection_specification.rb:185:in `spec'
activerecord (5.1.6) lib/active_record/connection_adapters/abstract/connection_pool.rb:880:in `establish_connection'
activerecord (5.1.6) lib/active_record/connection_handling.rb:58:in `establish_connection'
activerecord (5.1.6) lib/active_record/railtie.rb:124:in `block (2 levels) in <class:Railtie>'
activesupport (5.1.6) lib/active_support/lazy_load_hooks.rb:69:in `instance_eval'
activesupport (5.1.6) lib/active_support/lazy_load_hooks.rb:69:in `block in execute_hook'
activesupport (5.1.6) lib/active_support/lazy_load_hooks.rb:60:in `with_execution_control'
activesupport (5.1.6) lib/active_support/lazy_load_hooks.rb:65:in `execute_hook'
activesupport (5.1.6) lib/active_support/lazy_load_hooks.rb:50:in `block in run_load_hooks'
activesupport (5.1.6) lib/active_support/lazy_load_hooks.rb:49:in `each'
activesupport (5.1.6) lib/active_support/lazy_load_hooks.rb:49:in `run_load_hooks'
activerecord (5.1.6) lib/active_record/base.rb:326:in `<module:ActiveRecord>'
activerecord (5.1.6) lib/active_record/base.rb:25:in `<top (required)>'
activesupport (5.1.6) lib/active_support/dependencies.rb:292:in `require'
activesupport (5.1.6) lib/active_support/dependencies.rb:292:in `block in require'
activesupport (5.1.6) lib/active_support/dependencies.rb:258:in `load_dependency'
activesupport (5.1.6) lib/active_support/dependencies.rb:292:in `require'
activerecord (5.1.6) lib/active_record/migration.rb:562:in `connection'
activerecord (5.1.6) lib/active_record/migration.rb:553:in `call'
actionpack (5.1.6) lib/action_dispatch/middleware/callbacks.rb:26:in `block in call'
activesupport (5.1.6) lib/active_support/callbacks.rb:97:in `run_callbacks'
actionpack (5.1.6) lib/action_dispatch/middleware/callbacks.rb:24:in `call'
actionpack (5.1.6) lib/action_dispatch/middleware/executor.rb:12:in `call'
actionpack (5.1.6) lib/action_dispatch/middleware/debug_exceptions.rb:59:in `call'
actionpack (5.1.6) lib/action_dispatch/middleware/show_exceptions.rb:31:in `call'
railties (5.1.6) lib/rails/rack/logger.rb:36:in `call_app'
railties (5.1.6) lib/rails/rack/logger.rb:24:in `block in call'
activesupport (5.1.6) lib/active_support/tagged_logging.rb:69:in `block in tagged'
activesupport (5.1.6) lib/active_support/tagged_logging.rb:26:in `tagged'
activesupport (5.1.6) lib/active_support/tagged_logging.rb:69:in `tagged'
railties (5.1.6) lib/rails/rack/logger.rb:24:in `call'
sprockets-rails (3.2.1) lib/sprockets/rails/quiet_assets.rb:13:in `call'
actionpack (5.1.6) lib/action_dispatch/middleware/remote_ip.rb:79:in `call'
actionpack (5.1.6) lib/action_dispatch/middleware/request_id.rb:25:in `call'
rack (2.0.6) lib/rack/method_override.rb:22:in `call'
rack (2.0.6) lib/rack/runtime.rb:22:in `call'
activesupport (5.1.6) lib/active_support/cache/strategy/local_cache_middleware.rb:27:in `call'
actionpack (5.1.6) lib/action_dispatch/middleware/executor.rb:12:in `call'
actionpack (5.1.6) lib/action_dispatch/middleware/static.rb:125:in `call'
rack (2.0.6) lib/rack/sendfile.rb:111:in `call'
railties (5.1.6) lib/rails/engine.rb:522:in `call'
puma (3.12.0) lib/puma/configuration.rb:225:in `call'
puma (3.12.0) lib/puma/server.rb:658:in `handle_request'
puma (3.12.0) lib/puma/server.rb:472:in `process_client'
puma (3.12.0) lib/puma/server.rb:332:in `block in run'
puma (3.12.0) lib/puma/thread_pool.rb:133:in `block in spawn_thread'
Started GET "/" for 127.0.0.1 at 2018-12-27 16:06:32 -0300
  
ActiveRecord::PendingMigrationError (

Migrations are pending. To resolve this issue, run:

        bin/rails db:migrate RAILS_ENV=development

):
  
activerecord (5.1.6) lib/active_record/migration.rb:576:in `check_pending!'
activerecord (5.1.6) lib/active_record/migration.rb:553:in `call'
actionpack (5.1.6) lib/action_dispatch/middleware/callbacks.rb:26:in `block in call'
activesupport (5.1.6) lib/active_support/callbacks.rb:97:in `run_callbacks'
actionpack (5.1.6) lib/action_dispatch/middleware/callbacks.rb:24:in `call'
actionpack (5.1.6) lib/action_dispatch/middleware/executor.rb:12:in `call'
actionpack (5.1.6) lib/action_dispatch/middleware/debug_exceptions.rb:59:in `call'
actionpack (5.1.6) lib/action_dispatch/middleware/show_exceptions.rb:31:in `call'
railties (5.1.6) lib/rails/rack/logger.rb:36:in `call_app'
railties (5.1.6) lib/rails/rack/logger.rb:24:in `block in call'
activesupport (5.1.6) lib/active_support/tagged_logging.rb:69:in `block in tagged'
activesupport (5.1.6) lib/active_support/tagged_logging.rb:26:in `tagged'
activesupport (5.1.6) lib/active_support/tagged_logging.rb:69:in `tagged'
railties (5.1.6) lib/rails/rack/logger.rb:24:in `call'
sprockets-rails (3.2.1) lib/sprockets/rails/quiet_assets.rb:13:in `call'
actionpack (5.1.6) lib/action_dispatch/middleware/remote_ip.rb:79:in `call'
actionpack (5.1.6) lib/action_dispatch/middleware/request_id.rb:25:in `call'
rack (2.0.6) lib/rack/method_override.rb:22:in `call'
rack (2.0.6) lib/rack/runtime.rb:22:in `call'
activesupport (5.1.6) lib/active_support/cache/strategy/local_cache_middleware.rb:27:in `call'
actionpack (5.1.6) lib/action_dispatch/middleware/executor.rb:12:in `call'
actionpack (5.1.6) lib/action_dispatch/middleware/static.rb:125:in `call'
rack (2.0.6) lib/rack/sendfile.rb:111:in `call'
railties (5.1.6) lib/rails/engine.rb:522:in `call'
puma (3.12.0) lib/puma/configuration.rb:225:in `call'
puma (3.12.0) lib/puma/server.rb:658:in `handle_request'
puma (3.12.0) lib/puma/server.rb:472:in `process_client'
puma (3.12.0) lib/puma/server.rb:332:in `block in run'
puma (3.12.0) lib/puma/thread_pool.rb:133:in `block in spawn_thread'
  [1m[35m (0.1ms)[0m  [1m[34mSELECT sqlite_version(*)[0m
  [1m[35m (101.9ms)[0m  [1m[35mCREATE TABLE "schema_migrations" ("version" varchar NOT NULL PRIMARY KEY)[0m
  [1m[35m (98.0ms)[0m  [1m[35mCREATE TABLE "ar_internal_metadata" ("key" varchar NOT NULL PRIMARY KEY, "value" varchar, "created_at" datetime NOT NULL, "updated_at" datetime NOT NULL)[0m
  [1m[35m (0.2ms)[0m  [1m[34mSELECT "schema_migrations"."version" FROM "schema_migrations" ORDER BY "schema_migrations"."version" ASC[0m
Migrating to CreateResponsables (20181109130837)
  [1m[35m (0.1ms)[0m  [1m[36mbegin transaction[0m
  [1m[35m (0.3ms)[0m  [1m[35mCREATE TABLE "responsables" ("id" INTEGER PRIMARY KEY AUTOINCREMENT NOT NULL, "nombre" varchar, "docente" boolean, "materia" varchar, "created_at" datetime NOT NULL, "updated_at" datetime NOT NULL)[0m
  [1m[35mSQL (0.2ms)[0m  [1m[32mINSERT INTO "schema_migrations" ("version") VALUES (?)[0m  [["version", "20181109130837"]]
  [1m[35m (102.4ms)[0m  [1m[36mcommit transaction[0m
Migrating to CreateTurnos (20181109131138)
  [1m[35m (0.1ms)[0m  [1m[36mbegin transaction[0m
  [1m[35m (0.4ms)[0m  [1m[35mCREATE TABLE "turnos" ("id" INTEGER PRIMARY KEY AUTOINCREMENT NOT NULL, "fecha" date, "horario" varchar, "responsable_id" integer, "solicitado" date, "created_at" datetime NOT NULL, "updated_at" datetime NOT NULL, CONSTRAINT "fk_rails_c9df8c2153"
FOREIGN KEY ("responsable_id")
  REFERENCES "responsables" ("id")
)[0m
  [1m[35m (0.2ms)[0m  [1m[35mCREATE  INDEX "index_turnos_on_responsable_id" ON "turnos" ("responsable_id")[0m
  [1m[35mSQL (0.3ms)[0m  [1m[32mINSERT INTO "schema_migrations" ("version") VALUES (?)[0m  [["version", "20181109131138"]]
  [1m[35m (94.5ms)[0m  [1m[36mcommit transaction[0m
  [1m[36mActiveRecord::InternalMetadata Load (0.3ms)[0m  [1m[34mSELECT  "ar_internal_metadata".* FROM "ar_internal_metadata" WHERE "ar_internal_metadata"."key" = ? LIMIT ?[0m  [["key", "environment"], ["LIMIT", 1]]
  [1m[35m (0.1ms)[0m  [1m[36mbegin transaction[0m
  [1m[35mSQL (0.2ms)[0m  [1m[32mINSERT INTO "ar_internal_metadata" ("key", "value", "created_at", "updated_at") VALUES (?, ?, ?, ?)[0m  [["key", "environment"], ["value", "development"], ["created_at", "2018-12-27 19:07:13.719967"], ["updated_at", "2018-12-27 19:07:13.719967"]]
  [1m[35m (67.4ms)[0m  [1m[36mcommit transaction[0m
  [1m[35m (0.2ms)[0m  [1m[34mSELECT "schema_migrations"."version" FROM "schema_migrations" ORDER BY "schema_migrations"."version" ASC[0m
  [1m[35m (0.1ms)[0m  [1m[34m            SELECT sql
            FROM sqlite_master
            WHERE name='index_turnos_on_responsable_id' AND type='index'
            UNION ALL
            SELECT sql
            FROM sqlite_temp_master
            WHERE name='index_turnos_on_responsable_id' AND type='index'
[0m
Started GET "/" for 127.0.0.1 at 2018-12-27 16:07:24 -0300
  [1m[35m (0.1ms)[0m  [1m[34mSELECT "schema_migrations"."version" FROM "schema_migrations" ORDER BY "schema_migrations"."version" ASC[0m
Processing by TurnosController#index as HTML
  Rendering turnos/index.html.erb within layouts/application
  [1m[36mTurno Load (0.2ms)[0m  [1m[34mSELECT "turnos".* FROM "turnos"[0m
  Rendered turnos/index.html.erb within layouts/application (2.5ms)
Completed 500 Internal Server Error in 183ms (ActiveRecord: 0.4ms)


  
ActionView::Template::Error (File to import not found or unreadable: bootstrap.
Load paths:
  /home/jorge/Sites/sissala/app/assets/config
  /home/jorge/Sites/sissala/app/assets/images
  /home/jorge/Sites/sissala/app/assets/javascripts
  /home/jorge/Sites/sissala/app/assets/stylesheets
  /home/jorge/.rvm/gems/ruby-2.5.3/gems/coffee-rails-4.2.2/lib/assets/javascripts
  /home/jorge/.rvm/gems/ruby-2.5.3/gems/actioncable-5.1.6/lib/assets/compiled
  /home/jorge/.rvm/gems/ruby-2.5.3/gems/actionview-5.1.6/lib/assets/compiled
  /home/jorge/.rvm/gems/ruby-2.5.3/gems/turbolinks-source-5.2.0/lib/assets/javascripts
  /home/jorge/Sites/sissala/node_modules):
    4:     <title>SisSala</title>
    5:     <%= csrf_meta_tags %>
    6: 
    7:     <%= stylesheet_link_tag    'application', media: 'all', 'data-turbolinks-track': 'reload' %>
    8:     <%= javascript_include_tag 'application', 'data-turbolinks-track': 'reload' %>
    9:   </head>
   10: 
  
app/assets/stylesheets/application.scss:2
app/views/layouts/application.html.erb:7:in `_app_views_layouts_application_html_erb__2681261780354797139_47182515126400'
Started GET "/" for 127.0.0.1 at 2018-12-27 16:09:32 -0300
Processing by TurnosController#index as HTML
  Rendering turnos/index.html.erb within layouts/application
  [1m[36mTurno Load (0.1ms)[0m  [1m[34mSELECT "turnos".* FROM "turnos"[0m
  Rendered turnos/index.html.erb within layouts/application (2.7ms)
Completed 500 Internal Server Error in 16ms (ActiveRecord: 0.5ms)


  
ActionView::Template::Error (File to import not found or unreadable: bootstrap.
Load paths:
  /home/jorge/Sites/sissala/app/assets/config
  /home/jorge/Sites/sissala/app/assets/images
  /home/jorge/Sites/sissala/app/assets/javascripts
  /home/jorge/Sites/sissala/app/assets/stylesheets
  /home/jorge/.rvm/gems/ruby-2.5.3/gems/coffee-rails-4.2.2/lib/assets/javascripts
  /home/jorge/.rvm/gems/ruby-2.5.3/gems/actioncable-5.1.6/lib/assets/compiled
  /home/jorge/.rvm/gems/ruby-2.5.3/gems/actionview-5.1.6/lib/assets/compiled
  /home/jorge/.rvm/gems/ruby-2.5.3/gems/turbolinks-source-5.2.0/lib/assets/javascripts
  /home/jorge/Sites/sissala/node_modules):
    4:     <title>SisSala</title>
    5:     <%= csrf_meta_tags %>
    6: 
    7:     <%= stylesheet_link_tag    'application', media: 'all', 'data-turbolinks-track': 'reload' %>
    8:     <%= javascript_include_tag 'application', 'data-turbolinks-track': 'reload' %>
    9:   </head>
   10: 
  
app/assets/stylesheets/application.scss:2
app/views/layouts/application.html.erb:7:in `_app_views_layouts_application_html_erb__2681261780354797139_70219645030560'
Started GET "/" for 127.0.0.1 at 2018-12-27 16:16:45 -0300
  [1m[35m (0.1ms)[0m  [1m[34mSELECT "schema_migrations"."version" FROM "schema_migrations" ORDER BY "schema_migrations"."version" ASC[0m
Processing by TurnosController#index as HTML
  Rendering turnos/index.html.erb within layouts/application
  [1m[36mTurno Load (0.2ms)[0m  [1m[34mSELECT "turnos".* FROM "turnos"[0m
  Rendered turnos/index.html.erb within layouts/application (2.5ms)
Completed 500 Internal Server Error in 169ms (ActiveRecord: 0.4ms)


  
ActionView::Template::Error (File to import not found or unreadable: bootstrap.
Load paths:
  /home/jorge/Sites/sissala/app/assets/config
  /home/jorge/Sites/sissala/app/assets/images
  /home/jorge/Sites/sissala/app/assets/javascripts
  /home/jorge/Sites/sissala/app/assets/stylesheets
  /home/jorge/.rvm/gems/ruby-2.5.3/gems/coffee-rails-4.2.2/lib/assets/javascripts
  /home/jorge/.rvm/gems/ruby-2.5.3/gems/actioncable-5.1.6/lib/assets/compiled
  /home/jorge/.rvm/gems/ruby-2.5.3/gems/actionview-5.1.6/lib/assets/compiled
  /home/jorge/.rvm/gems/ruby-2.5.3/gems/turbolinks-source-5.2.0/lib/assets/javascripts
  /home/jorge/Sites/sissala/node_modules):
    4:     <title>SisSala</title>
    5:     <%= csrf_meta_tags %>
    6: 
    7:     <%= stylesheet_link_tag    'application', media: 'all', 'data-turbolinks-track': 'reload' %>
    8:     <%= javascript_include_tag 'application', 'data-turbolinks-track': 'reload' %>
    9:   </head>
   10: 
  
app/assets/stylesheets/application.scss:2
app/views/layouts/application.html.erb:7:in `_app_views_layouts_application_html_erb__1476740558423136376_47086679046980'
Started GET "/" for 127.0.0.1 at 2018-12-27 16:30:49 -0300
  [1m[35m (0.1ms)[0m  [1m[34mSELECT "schema_migrations"."version" FROM "schema_migrations" ORDER BY "schema_migrations"."version" ASC[0m
Processing by TurnosController#index as HTML
  Rendering turnos/index.html.erb within layouts/application
  [1m[36mTurno Load (0.2ms)[0m  [1m[34mSELECT "turnos".* FROM "turnos"[0m
  Rendered turnos/index.html.erb within layouts/application (2.7ms)
Completed 200 OK in 2272ms (Views: 2261.6ms | ActiveRecord: 0.4ms)


Started GET "/turnos/new" for 127.0.0.1 at 2018-12-27 16:30:58 -0300
Processing by TurnosController#new as HTML
  Rendering turnos/new.html.erb within layouts/application
  Rendered turnos/_form.html.erb (15.4ms)
  Rendered turnos/new.html.erb within layouts/application (16.5ms)
Completed 500 Internal Server Error in 32ms (ActiveRecord: 0.6ms)


  
ActionView::Template::Error (undefined method `nombre' for :responsable_id:Symbol):
    23: 
    24:   <div class="field">
    25:     <%= form.label :responsable_id %>
    26:     <%= collection_select(:turno, :responsable_id.nombre, Responsable.all, :id, :nombre, {}, {:multiple => false})%>
    27:   </div> 
    28:   <div class="field">
    29:     <%= form.label :solicitado %>
  
app/views/turnos/_form.html.erb:26:in `block in _app_views_turnos__form_html_erb__3047203595977758140_70048433961240'
app/views/turnos/_form.html.erb:1:in `_app_views_turnos__form_html_erb__3047203595977758140_70048433961240'
app/views/turnos/new.html.erb:3:in `_app_views_turnos_new_html_erb__861272972540520018_70048513617720'
Started GET "/" for 127.0.0.1 at 2018-12-27 16:31:47 -0300
Processing by TurnosController#index as HTML
  Rendering turnos/index.html.erb within layouts/application
  [1m[36mTurno Load (0.3ms)[0m  [1m[34mSELECT "turnos".* FROM "turnos"[0m
  Rendered turnos/index.html.erb within layouts/application (3.0ms)
Completed 200 OK in 33ms (Views: 31.1ms | ActiveRecord: 0.3ms)


Started GET "/turnos/new" for 127.0.0.1 at 2018-12-27 16:31:51 -0300
Processing by TurnosController#new as HTML
  Rendering turnos/new.html.erb within layouts/application
  Rendered turnos/_form.html.erb (8.6ms)
  Rendered turnos/new.html.erb within layouts/application (10.5ms)
Completed 500 Internal Server Error in 13ms (ActiveRecord: 0.0ms)


  
ActionView::Template::Error (undefined method `nombre' for :responsable_id:Symbol):
    23: 
    24:   <div class="field">
    25:     <%= form.label :responsable_id %>
    26:     <%= collection_select(:turno, :responsable_id.nombre, Responsable.all, :id, :nombre, {}, {:multiple => false})%>
    27:   </div> 
    28:   <div class="field">
    29:     <%= form.label :solicitado %>
  
app/views/turnos/_form.html.erb:26:in `block in _app_views_turnos__form_html_erb__3047203595977758140_70048522365760'
app/views/turnos/_form.html.erb:1:in `_app_views_turnos__form_html_erb__3047203595977758140_70048522365760'
app/views/turnos/new.html.erb:3:in `_app_views_turnos_new_html_erb__861272972540520018_70048520284120'
Started GET "/turnos/new" for 127.0.0.1 at 2018-12-27 16:33:09 -0300
Processing by TurnosController#new as HTML
  Rendering turnos/new.html.erb within layouts/application
  Rendered turnos/_form.html.erb (7.2ms)
  Rendered turnos/new.html.erb within layouts/application (8.5ms)
Completed 500 Internal Server Error in 12ms (ActiveRecord: 0.0ms)


  
ActionView::Template::Error (undefined method `nombre' for :responsable_id:Symbol):
    23: 
    24:   <div class="field">
    25:     <%= form.label :responsable_id %>
    26:     <%= collection_select(:turno, :responsable_id.nombre, Responsable.all, :id, :nombre, {}, {:multiple => false})%>
    27:   </div> 
    28:   <div class="field">
    29:     <%= form.label :solicitado %>
  
app/views/turnos/_form.html.erb:26:in `block in _app_views_turnos__form_html_erb__3047203595977758140_70048504986660'
app/views/turnos/_form.html.erb:1:in `_app_views_turnos__form_html_erb__3047203595977758140_70048504986660'
app/views/turnos/new.html.erb:3:in `_app_views_turnos_new_html_erb__861272972540520018_70048505105600'
Started GET "/turnos/new" for 127.0.0.1 at 2018-12-27 16:33:18 -0300
Processing by TurnosController#new as HTML
  Rendering turnos/new.html.erb within layouts/application
  [1m[36mResponsable Load (0.2ms)[0m  [1m[34mSELECT "responsables".* FROM "responsables"[0m
  Rendered turnos/_form.html.erb (12.1ms)
  Rendered turnos/new.html.erb within layouts/application (13.2ms)
Completed 200 OK in 33ms (Views: 31.9ms | ActiveRecord: 0.4ms)


Started GET "/turnos/new" for 127.0.0.1 at 2018-12-27 16:34:07 -0300
Processing by TurnosController#new as HTML
  Rendering turnos/new.html.erb within layouts/application
  Rendered turnos/_form.html.erb (4.6ms)
  Rendered turnos/new.html.erb within layouts/application (5.5ms)
Completed 500 Internal Server Error in 8ms (ActiveRecord: 0.0ms)


  
ActionView::Template::Error (undefined method `nombre' for :responsable_id:Symbol):
    23: 
    24:   <div class="field">
    25:     <%= form.label :responsable_id %>
    26:     <%= collection_select(:turno, :responsable_id.nombre, Responsable.all, :id, :nombre, {}, {:multiple => false})%>
    27:   </div> 
    28:   <div class="field">
    29:     <%= form.label :solicitado %>
  
app/views/turnos/_form.html.erb:26:in `block in _app_views_turnos__form_html_erb__3047203595977758140_70048601386740'
app/views/turnos/_form.html.erb:1:in `_app_views_turnos__form_html_erb__3047203595977758140_70048601386740'
app/views/turnos/new.html.erb:3:in `_app_views_turnos_new_html_erb__861272972540520018_70048467160240'
Started GET "/" for 127.0.0.1 at 2019-01-27 04:19:12 -0300
  [1m[35m (0.2ms)[0m  [1m[34mSELECT "schema_migrations"."version" FROM "schema_migrations" ORDER BY "schema_migrations"."version" ASC[0m
Processing by TurnosController#index as HTML
  Rendering turnos/index.html.erb within layouts/application
  [1m[36mTurno Load (8.1ms)[0m  [1m[34mSELECT "turnos".* FROM "turnos"[0m
  Rendered turnos/index.html.erb within layouts/application (17.3ms)
Completed 200 OK in 360ms (Views: 339.9ms | ActiveRecord: 8.5ms)


Started GET "/turnos/new" for 127.0.0.1 at 2019-01-27 04:19:22 -0300
Processing by TurnosController#new as HTML
  Rendering turnos/new.html.erb within layouts/application
  Rendered turnos/_form.html.erb (126.7ms)
  Rendered turnos/new.html.erb within layouts/application (127.7ms)
Completed 500 Internal Server Error in 143ms (ActiveRecord: 1.0ms)


  
ActionView::Template::Error (undefined method `nombre' for :responsable_id:Symbol):
    23: 
    24:   <div class="field">
    25:     <%= form.label :responsable_id %>
    26:     <%= collection_select(:turno, :responsable_id.nombre, Responsable.all, :id, :nombre, {}, {:multiple => false})%>
    27:   </div> 
    28:   <div class="field">
    29:     <%= form.label :solicitado %>
  
app/views/turnos/_form.html.erb:26:in `block in _app_views_turnos__form_html_erb___2592835174767229615_70278583828940'
app/views/turnos/_form.html.erb:1:in `_app_views_turnos__form_html_erb___2592835174767229615_70278583828940'
app/views/turnos/new.html.erb:3:in `_app_views_turnos_new_html_erb__2979224192937408490_70278583807640'
Started GET "/turnos/new" for 127.0.0.1 at 2019-01-27 04:26:03 -0300
Processing by TurnosController#new as HTML
  Rendering turnos/new.html.erb within layouts/application
  Rendered turnos/_form.html.erb (24.3ms)
  Rendered turnos/new.html.erb within layouts/application (25.3ms)
Completed 500 Internal Server Error in 28ms (ActiveRecord: 0.0ms)


  
ActionView::Template::Error (undefined method `map' for nil:NilClass):
    23: 
    24:   <div class="field">
    25:     <%= form.label :responsable_id %>
    26:     <%= collection_select(:turno, :responsable_id, @responsables, :id, :nombre, {}, {:multiple => false})%>
    27:   </div> 
    28:   <div class="field">
    29:     <%= form.label :solicitado %>
  
app/views/turnos/_form.html.erb:26:in `block in _app_views_turnos__form_html_erb___2592835174767229615_70278462782520'
app/views/turnos/_form.html.erb:1:in `_app_views_turnos__form_html_erb___2592835174767229615_70278462782520'
app/views/turnos/new.html.erb:3:in `_app_views_turnos_new_html_erb__2979224192937408490_70278462900900'
Started GET "/turnos/new" for 127.0.0.1 at 2019-01-27 04:29:06 -0300
Processing by TurnosController#new as HTML
  Rendering turnos/new.html.erb within layouts/application
  Rendered turnos/_form.html.erb (4.4ms)
  Rendered turnos/new.html.erb within layouts/application (5.3ms)
Completed 500 Internal Server Error in 7ms (ActiveRecord: 0.0ms)


  
ActionView::Template::Error (wrong number of arguments (given 7, expected 4..6)):
    25:     <%= form.label :responsable_id %>
    26:    
    27: 
    28:     <%= form.collection_select(:turno, :responsable_id, @responsables, :id, :nombre, {}, {:multiple => false})%>
    29:   </div> 
    30:   <div class="field">
    31:     <%= form.label :solicitado %>
  
app/views/turnos/_form.html.erb:28:in `block in _app_views_turnos__form_html_erb___2592835174767229615_70278464082820'
app/views/turnos/_form.html.erb:1:in `_app_views_turnos__form_html_erb___2592835174767229615_70278464082820'
app/views/turnos/new.html.erb:3:in `_app_views_turnos_new_html_erb__2979224192937408490_70278464194760'
Started GET "/turnos/new" for 127.0.0.1 at 2019-01-27 04:31:14 -0300
Processing by TurnosController#new as HTML
  Rendering turnos/new.html.erb within layouts/application
  Rendered turnos/_form.html.erb (5.0ms)
  Rendered turnos/new.html.erb within layouts/application (5.8ms)
Completed 500 Internal Server Error in 8ms (ActiveRecord: 0.0ms)


  
ActionView::Template::Error (undefined method `map' for nil:NilClass):
    25:     <%= form.label :responsable_id %>
    26:    
    27: 
    28:     <%= form.collection_select(:responsable_id, @responsables, :id, :nombre, {}, {:multiple => false})%>
    29:   </div> 
    30:   <div class="field">
    31:     <%= form.label :solicitado %>
  
app/views/turnos/_form.html.erb:28:in `block in _app_views_turnos__form_html_erb___2592835174767229615_70278466176080'
app/views/turnos/_form.html.erb:1:in `_app_views_turnos__form_html_erb___2592835174767229615_70278466176080'
app/views/turnos/new.html.erb:3:in `_app_views_turnos_new_html_erb__2979224192937408490_70278466190760'
Started GET "/turnos/new" for 127.0.0.1 at 2019-01-27 04:31:16 -0300
Processing by TurnosController#new as HTML
  Rendering turnos/new.html.erb within layouts/application
  Rendered turnos/_form.html.erb (4.8ms)
  Rendered turnos/new.html.erb within layouts/application (5.7ms)
Completed 500 Internal Server Error in 9ms (ActiveRecord: 0.0ms)


  
ActionView::Template::Error (undefined method `map' for nil:NilClass):
    25:     <%= form.label :responsable_id %>
    26:    
    27: 
    28:     <%= form.collection_select(:responsable_id, @responsables, :id, :nombre, {}, {:multiple => false})%>
    29:   </div> 
    30:   <div class="field">
    31:     <%= form.label :solicitado %>
  
app/views/turnos/_form.html.erb:28:in `block in _app_views_turnos__form_html_erb___2592835174767229615_70278466860640'
app/views/turnos/_form.html.erb:1:in `_app_views_turnos__form_html_erb___2592835174767229615_70278466860640'
app/views/turnos/new.html.erb:3:in `_app_views_turnos_new_html_erb__2979224192937408490_70278466892620'
Started GET "/" for 127.0.0.1 at 2019-01-27 16:00:46 -0300
  [1m[35m (0.1ms)[0m  [1m[34mSELECT "schema_migrations"."version" FROM "schema_migrations" ORDER BY "schema_migrations"."version" ASC[0m
Processing by TurnosController#index as HTML
  Rendering turnos/index.html.erb within layouts/application
  [1m[36mTurno Load (7.5ms)[0m  [1m[34mSELECT "turnos".* FROM "turnos"[0m
  Rendered turnos/index.html.erb within layouts/application (16.5ms)
Completed 200 OK in 410ms (Views: 390.0ms | ActiveRecord: 7.9ms)


Started GET "/turnos/new" for 127.0.0.1 at 2019-01-27 16:00:51 -0300
Processing by TurnosController#new as HTML
  Rendering turnos/new.html.erb within layouts/application
  Rendered turnos/_form.html.erb (100.3ms)
  Rendered turnos/new.html.erb within layouts/application (101.2ms)
Completed 500 Internal Server Error in 183ms (ActiveRecord: 0.8ms)


  
ActionView::Template::Error (wrong number of arguments (given 7, expected 4..6)):
    23: 
    24:   <div class="field">
    25:     <%= form.label :responsable_id %>
    26:       <%= form.collection_select(:turno, :responsable_id, Responsable.all, :id, :nombre, {}, {:multiple => false})%>
    27:   </div> 
    28:   <div class="field">
    29:     <%= form.label :solicitado %>
  
app/views/turnos/_form.html.erb:26:in `block in _app_views_turnos__form_html_erb__3876251050641007949_70137627059000'
app/views/turnos/_form.html.erb:1:in `_app_views_turnos__form_html_erb__3876251050641007949_70137627059000'
app/views/turnos/new.html.erb:3:in `_app_views_turnos_new_html_erb___3700051254934549886_70137520988500'
Started GET "/turnos/new" for 127.0.0.1 at 2019-01-27 16:03:06 -0300
Processing by TurnosController#new as HTML
  Rendering turnos/new.html.erb within layouts/application
  Rendered turnos/_form.html.erb (4.7ms)
  Rendered turnos/new.html.erb within layouts/application (5.9ms)
Completed 500 Internal Server Error in 8ms (ActiveRecord: 0.0ms)


  
ActionView::Template::Error (uninitialized constant ActionView::CompiledTemplates::Responsables):
    23: 
    24:   <div class="field">
    25:     <%= form.label :responsable_id %>
    26:       <%= form.collection_select(:turno, :responsable_id, Responsables.all, :id, :nombre, {}, {:multiple => false})%>
    27:   </div> 
    28:   <div class="field">
    29:     <%= form.label :solicitado %>
  
app/views/turnos/_form.html.erb:26:in `block in _app_views_turnos__form_html_erb__3876251050641007949_70137636159320'
app/views/turnos/_form.html.erb:1:in `_app_views_turnos__form_html_erb__3876251050641007949_70137636159320'
app/views/turnos/new.html.erb:3:in `_app_views_turnos_new_html_erb___3700051254934549886_70137636267420'
Started GET "/turnos/new" for 127.0.0.1 at 2019-01-27 16:07:47 -0300
Processing by TurnosController#new as HTML
  Rendering turnos/new.html.erb within layouts/application
  Rendered turnos/_form.html.erb (3.1ms)
  Rendered turnos/new.html.erb within layouts/application (3.9ms)
Completed 500 Internal Server Error in 6ms (ActiveRecord: 0.0ms)


  
ActionView::Template::Error (wrong number of arguments (given 7, expected 4..6)):
    23: 
    24:   <div class="field">
    25:     <%= form.label :responsable_id %>
    26:       <%= form.collection_select(:responsable_id, :responsable_id, Responsable.all, :id, :nombre, {}, {:multiple => false})%>
    27:   </div> 
    28:   <div class="field">
    29:     <%= form.label :solicitado %>
  
app/views/turnos/_form.html.erb:26:in `block in _app_views_turnos__form_html_erb__3876251050641007949_70137638043460'
app/views/turnos/_form.html.erb:1:in `_app_views_turnos__form_html_erb__3876251050641007949_70137638043460'
app/views/turnos/new.html.erb:3:in `_app_views_turnos_new_html_erb___3700051254934549886_70137638058260'
Started GET "/turnos/new" for 127.0.0.1 at 2019-01-27 16:08:30 -0300
Processing by TurnosController#new as HTML
  Rendering turnos/new.html.erb within layouts/application
  [1m[36mResponsable Load (0.2ms)[0m  [1m[34mSELECT "responsables".* FROM "responsables"[0m
  Rendered turnos/_form.html.erb (33.1ms)
  Rendered turnos/new.html.erb within layouts/application (34.0ms)
Completed 200 OK in 52ms (Views: 51.0ms | ActiveRecord: 0.4ms)


Started GET "/" for 127.0.0.1 at 2019-01-27 16:08:38 -0300
Processing by TurnosController#index as HTML
  Rendering turnos/index.html.erb within layouts/application
  [1m[36mTurno Load (0.2ms)[0m  [1m[34mSELECT "turnos".* FROM "turnos"[0m
  Rendered turnos/index.html.erb within layouts/application (2.1ms)
Completed 200 OK in 23ms (Views: 21.4ms | ActiveRecord: 0.2ms)


Started GET "/responsables" for 127.0.0.1 at 2019-01-27 16:08:47 -0300
Processing by ResponsablesController#index as HTML
  Rendering responsables/index.html.erb within layouts/application
  [1m[36mResponsable Load (0.2ms)[0m  [1m[34mSELECT "responsables".* FROM "responsables" ORDER BY "responsables"."nombre" ASC[0m
  Rendered responsables/index.html.erb within layouts/application (1.5ms)
Completed 200 OK in 33ms (Views: 19.5ms | ActiveRecord: 0.2ms)


Started GET "/responsables/new" for 127.0.0.1 at 2019-01-27 16:08:51 -0300
Processing by ResponsablesController#new as HTML
  Rendering responsables/new.html.erb within layouts/application
  Rendered responsables/_form.html.erb (31.1ms)
  Rendered responsables/new.html.erb within layouts/application (32.4ms)
Completed 200 OK in 61ms (Views: 52.8ms | ActiveRecord: 0.6ms)


Started POST "/responsables" for 127.0.0.1 at 2019-01-27 16:09:09 -0300
Processing by ResponsablesController#create as HTML
  Parameters: {"utf8"=>"✓", "authenticity_token"=>"H/CWIbFy70F85lGLhFTtvVk7kyuWyyPAeG937GLkOTzn8BTLWWGF86aJCigJzyDyyrwI1pU8eHEt4CyzZS1aGA==", "responsable"=>{"nombre"=>"Diaz, Jorge", "docente"=>"1", "materia"=>"Computación"}, "commit"=>"Create Responsable"}
  [1m[35m (0.1ms)[0m  [1m[36mbegin transaction[0m
  [1m[35mSQL (18.4ms)[0m  [1m[32mINSERT INTO "responsables" ("nombre", "docente", "materia", "created_at", "updated_at") VALUES (?, ?, ?, ?, ?)[0m  [["nombre", "Diaz, Jorge"], ["docente", "t"], ["materia", "Computación"], ["created_at", "2019-01-27 19:09:09.872461"], ["updated_at", "2019-01-27 19:09:09.872461"]]
  [1m[35m (191.3ms)[0m  [1m[36mcommit transaction[0m
Redirected to http://localhost:3000/responsables/1
Completed 302 Found in 219ms (ActiveRecord: 209.8ms)


Started GET "/responsables/1" for 127.0.0.1 at 2019-01-27 16:09:10 -0300
Processing by ResponsablesController#show as HTML
  Parameters: {"id"=>"1"}
  [1m[36mResponsable Load (0.4ms)[0m  [1m[34mSELECT  "responsables".* FROM "responsables" WHERE "responsables"."id" = ? LIMIT ?[0m  [["id", 1], ["LIMIT", 1]]
  Rendering responsables/show.html.erb within layouts/application
  Rendered responsables/show.html.erb within layouts/application (0.7ms)
Completed 200 OK in 133ms (Views: 18.9ms | ActiveRecord: 0.4ms)


Started GET "/responsables" for 127.0.0.1 at 2019-01-27 16:09:14 -0300
Processing by ResponsablesController#index as HTML
  Rendering responsables/index.html.erb within layouts/application
  [1m[36mResponsable Load (0.2ms)[0m  [1m[34mSELECT "responsables".* FROM "responsables" ORDER BY "responsables"."nombre" ASC[0m
  Rendered responsables/index.html.erb within layouts/application (1.9ms)
Completed 200 OK in 24ms (Views: 22.7ms | ActiveRecord: 0.2ms)


Started GET "/" for 127.0.0.1 at 2019-01-27 16:09:26 -0300
Processing by TurnosController#index as HTML
  Rendering turnos/index.html.erb within layouts/application
  [1m[36mTurno Load (0.2ms)[0m  [1m[34mSELECT "turnos".* FROM "turnos"[0m
  Rendered turnos/index.html.erb within layouts/application (2.2ms)
Completed 200 OK in 27ms (Views: 25.1ms | ActiveRecord: 0.2ms)


Started GET "/turnos/new" for 127.0.0.1 at 2019-01-27 16:09:29 -0300
Processing by TurnosController#new as HTML
  Rendering turnos/new.html.erb within layouts/application
  [1m[36mResponsable Load (0.2ms)[0m  [1m[34mSELECT "responsables".* FROM "responsables"[0m
  Rendered turnos/_form.html.erb (7.2ms)
  Rendered turnos/new.html.erb within layouts/application (8.6ms)
Completed 200 OK in 30ms (Views: 27.9ms | ActiveRecord: 0.2ms)


Started GET "/responsables/new" for 127.0.0.1 at 2019-01-27 16:09:39 -0300
Processing by ResponsablesController#new as HTML
  Rendering responsables/new.html.erb within layouts/application
  Rendered responsables/_form.html.erb (3.2ms)
  Rendered responsables/new.html.erb within layouts/application (4.8ms)
Completed 200 OK in 27ms (Views: 25.4ms | ActiveRecord: 0.0ms)


Started POST "/responsables" for 127.0.0.1 at 2019-01-27 16:09:53 -0300
Processing by ResponsablesController#create as HTML
  Parameters: {"utf8"=>"✓", "authenticity_token"=>"i8/hjT8ynfEz/xSMjfpELVUYO+ZA1vk8bZcVL7zMcE5zz2Nn1yH3Q+mQTy8AYYlixp+gG0Mhoo04GE5wuwUTag==", "responsable"=>{"nombre"=>"Aybar, Juan Lorenzo", "docente"=>"1", "materia"=>"Historia"}, "commit"=>"Create Responsable"}
  [1m[35m (0.1ms)[0m  [1m[36mbegin transaction[0m
  [1m[35mSQL (0.4ms)[0m  [1m[32mINSERT INTO "responsables" ("nombre", "docente", "materia", "created_at", "updated_at") VALUES (?, ?, ?, ?, ?)[0m  [["nombre", "Aybar, Juan Lorenzo"], ["docente", "t"], ["materia", "Historia"], ["created_at", "2019-01-27 19:09:53.620450"], ["updated_at", "2019-01-27 19:09:53.620450"]]
  [1m[35m (248.2ms)[0m  [1m[36mcommit transaction[0m
Redirected to http://localhost:3000/responsables/2
Completed 302 Found in 252ms (ActiveRecord: 248.7ms)


Started GET "/responsables/2" for 127.0.0.1 at 2019-01-27 16:09:53 -0300
Processing by ResponsablesController#show as HTML
  Parameters: {"id"=>"2"}
  [1m[36mResponsable Load (0.2ms)[0m  [1m[34mSELECT  "responsables".* FROM "responsables" WHERE "responsables"."id" = ? LIMIT ?[0m  [["id", 2], ["LIMIT", 1]]
  Rendering responsables/show.html.erb within layouts/application
  Rendered responsables/show.html.erb within layouts/application (0.6ms)
Completed 200 OK in 19ms (Views: 17.3ms | ActiveRecord: 0.2ms)


Started GET "/responsables" for 127.0.0.1 at 2019-01-27 16:09:55 -0300
Processing by ResponsablesController#index as HTML
  Rendering responsables/index.html.erb within layouts/application
  [1m[36mResponsable Load (0.4ms)[0m  [1m[34mSELECT "responsables".* FROM "responsables" ORDER BY "responsables"."nombre" ASC[0m
  Rendered responsables/index.html.erb within layouts/application (3.4ms)
Completed 200 OK in 31ms (Views: 29.0ms | ActiveRecord: 0.4ms)


Started GET "/" for 127.0.0.1 at 2019-01-27 16:10:02 -0300
Processing by TurnosController#index as HTML
  Rendering turnos/index.html.erb within layouts/application
  [1m[36mTurno Load (0.2ms)[0m  [1m[34mSELECT "turnos".* FROM "turnos"[0m
  Rendered turnos/index.html.erb within layouts/application (1.9ms)
Completed 200 OK in 27ms (Views: 25.2ms | ActiveRecord: 0.2ms)


Started GET "/turnos/new" for 127.0.0.1 at 2019-01-27 16:10:04 -0300
Processing by TurnosController#new as HTML
  Rendering turnos/new.html.erb within layouts/application
  [1m[36mResponsable Load (0.3ms)[0m  [1m[34mSELECT "responsables".* FROM "responsables"[0m
  Rendered turnos/_form.html.erb (6.7ms)
  Rendered turnos/new.html.erb within layouts/application (8.1ms)
Completed 200 OK in 28ms (Views: 26.1ms | ActiveRecord: 0.3ms)


